
*** Running vivado
    with args -log top.vds -m64 -product Vivado -mode batch -messageDb vivado.pb -notrace -source top.tcl



****** Vivado v2025.1 (64-bit)
  **** SW Build 6140274 on Thu May 22 00:12:29 MDT 2025
  **** IP Build 6138677 on Thu May 22 03:10:11 MDT 2025
  **** SharedData Build 6139179 on Tue May 20 17:58:58 MDT 2025
  **** Start of session at: Sun Nov 30 16:58:59 2025
    ** Copyright 1986-2022 Xilinx, Inc. All Rights Reserved.
    ** Copyright 2022-2025 Advanced Micro Devices, Inc. All Rights Reserved.

source top.tcl -notrace
create_project: Time (s): cpu = 00:00:28 ; elapsed = 00:00:19 . Memory (MB): peak = 503.188 ; gain = 211.031
Command: read_checkpoint -auto_incremental -incremental {C:/Users/thea/Documents/Vivado Projekte/Programmentwurf_PingPong/Programmentwurf_PingPong.srcs/utils_1/imports/synth_1/top.dcp}
INFO: [Vivado 12-5825] Read reference checkpoint from C:/Users/thea/Documents/Vivado Projekte/Programmentwurf_PingPong/Programmentwurf_PingPong.srcs/utils_1/imports/synth_1/top.dcp for incremental synthesis
INFO: [Vivado 12-7989] Please ensure there are no constraint changes
Command: synth_design -top top -part xc7a35ticsg324-1L
Starting synth_design
Attempting to get a license for feature 'Synthesis' and/or device 'xc7a35ti'
INFO: [Common 17-349] Got license for feature 'Synthesis' and/or device 'xc7a35ti'
INFO: [Device 21-403] Loading part xc7a35ticsg324-1L
INFO: [Designutils 20-5440] No compile time benefit to using incremental synthesis; A full resynthesis will be run
INFO: [Designutils 20-4379] Flow is switching to default flow due to incremental criteria not met. If you would like to alter this behaviour and have the flow terminate instead, please set the following parameter config_implementation {autoIncr.Synth.RejectBehavior Terminate}
INFO: [Synth 8-7079] Multithreading enabled for synth_design using a maximum of 2 processes.
INFO: [Synth 8-7078] Launching helper process for spawning children vivado processes
INFO: [Synth 8-7075] Helper process launched with PID 30264
---------------------------------------------------------------------------------
Starting RTL Elaboration : Time (s): cpu = 00:00:15 ; elapsed = 00:00:17 . Memory (MB): peak = 1201.148 ; gain = 493.426
---------------------------------------------------------------------------------
INFO: [Synth 8-638] synthesizing module 'top' [C:/Users/thea/Documents/Vivado Projekte/Programmentwurf_PingPong/Programmentwurf_PingPong.srcs/sources_1/new/top.vhd:40]
INFO: [Synth 8-3491] module 'clk_wiz_0' declared at 'C:/Users/thea/Documents/Vivado Projekte/Programmentwurf_PingPong/Programmentwurf_PingPong.runs/synth_1/.Xil/Vivado-31692-NB-TJ-01/realtime/clk_wiz_0_stub.vhdl:6' bound to instance 'clk_inst' of component 'clk_wiz_0' [C:/Users/thea/Documents/Vivado Projekte/Programmentwurf_PingPong/Programmentwurf_PingPong.srcs/sources_1/new/top.vhd:150]
INFO: [Synth 8-638] synthesizing module 'clk_wiz_0' [C:/Users/thea/Documents/Vivado Projekte/Programmentwurf_PingPong/Programmentwurf_PingPong.runs/synth_1/.Xil/Vivado-31692-NB-TJ-01/realtime/clk_wiz_0_stub.vhdl:18]
INFO: [Synth 8-3491] module 'vga_sync' declared at 'C:/Users/thea/Documents/Vivado Projekte/Programmentwurf_PingPong/Programmentwurf_PingPong.srcs/sources_1/new/vga_sync.vhd:34' bound to instance 'vga_inst' of component 'vga_sync' [C:/Users/thea/Documents/Vivado Projekte/Programmentwurf_PingPong/Programmentwurf_PingPong.srcs/sources_1/new/top.vhd:160]
INFO: [Synth 8-638] synthesizing module 'vga_sync' [C:/Users/thea/Documents/Vivado Projekte/Programmentwurf_PingPong/Programmentwurf_PingPong.srcs/sources_1/new/vga_sync.vhd:49]
INFO: [Synth 8-256] done synthesizing module 'vga_sync' (0#1) [C:/Users/thea/Documents/Vivado Projekte/Programmentwurf_PingPong/Programmentwurf_PingPong.srcs/sources_1/new/vga_sync.vhd:49]
INFO: [Synth 8-3491] module 'game_logic' declared at 'C:/Users/thea/Documents/Vivado Projekte/Programmentwurf_PingPong/Programmentwurf_PingPong.srcs/sources_1/new/game_logic.vhd:29' bound to instance 'game_inst' of component 'game_logic' [C:/Users/thea/Documents/Vivado Projekte/Programmentwurf_PingPong/Programmentwurf_PingPong.srcs/sources_1/new/top.vhd:171]
INFO: [Synth 8-638] synthesizing module 'game_logic' [C:/Users/thea/Documents/Vivado Projekte/Programmentwurf_PingPong/Programmentwurf_PingPong.srcs/sources_1/new/game_logic.vhd:55]
INFO: [Synth 8-256] done synthesizing module 'game_logic' (0#1) [C:/Users/thea/Documents/Vivado Projekte/Programmentwurf_PingPong/Programmentwurf_PingPong.srcs/sources_1/new/game_logic.vhd:55]
INFO: [Synth 8-3491] module 'renderer' declared at 'C:/Users/thea/Documents/Vivado Projekte/Programmentwurf_PingPong/Programmentwurf_PingPong.srcs/sources_1/new/renderer.vhd:30' bound to instance 'renderer_inst' of component 'renderer' [C:/Users/thea/Documents/Vivado Projekte/Programmentwurf_PingPong/Programmentwurf_PingPong.srcs/sources_1/new/top.vhd:218]
INFO: [Synth 8-638] synthesizing module 'renderer' [C:/Users/thea/Documents/Vivado Projekte/Programmentwurf_PingPong/Programmentwurf_PingPong.srcs/sources_1/new/renderer.vhd:66]
INFO: [Synth 8-3491] module 'startscreen' declared at 'C:/Users/thea/Documents/Vivado Projekte/Programmentwurf_PingPong/Programmentwurf_PingPong.srcs/sources_1/new/startscreen.vhd:40' bound to instance 'startscreen_inst' of component 'startscreen' [C:/Users/thea/Documents/Vivado Projekte/Programmentwurf_PingPong/Programmentwurf_PingPong.srcs/sources_1/new/renderer.vhd:140]
INFO: [Synth 8-638] synthesizing module 'startscreen' [C:/Users/thea/Documents/Vivado Projekte/Programmentwurf_PingPong/Programmentwurf_PingPong.srcs/sources_1/new/startscreen.vhd:49]
INFO: [Synth 8-256] done synthesizing module 'startscreen' (0#1) [C:/Users/thea/Documents/Vivado Projekte/Programmentwurf_PingPong/Programmentwurf_PingPong.srcs/sources_1/new/startscreen.vhd:49]
INFO: [Synth 8-3491] module 'endscreen' declared at 'C:/Users/thea/Documents/Vivado Projekte/Programmentwurf_PingPong/Programmentwurf_PingPong.srcs/sources_1/new/endscreen.vhd:22' bound to instance 'endscreen_inst' of component 'endscreen' [C:/Users/thea/Documents/Vivado Projekte/Programmentwurf_PingPong/Programmentwurf_PingPong.srcs/sources_1/new/renderer.vhd:151]
INFO: [Synth 8-638] synthesizing module 'endscreen' [C:/Users/thea/Documents/Vivado Projekte/Programmentwurf_PingPong/Programmentwurf_PingPong.srcs/sources_1/new/endscreen.vhd:33]
INFO: [Synth 8-256] done synthesizing module 'endscreen' (0#1) [C:/Users/thea/Documents/Vivado Projekte/Programmentwurf_PingPong/Programmentwurf_PingPong.srcs/sources_1/new/endscreen.vhd:33]
INFO: [Synth 8-3491] module 'score' declared at 'C:/Users/thea/Documents/Vivado Projekte/Programmentwurf_PingPong/Programmentwurf_PingPong.srcs/sources_1/new/score.vhd:33' bound to instance 'score_inst' of component 'score' [C:/Users/thea/Documents/Vivado Projekte/Programmentwurf_PingPong/Programmentwurf_PingPong.srcs/sources_1/new/renderer.vhd:164]
INFO: [Synth 8-638] synthesizing module 'score' [C:/Users/thea/Documents/Vivado Projekte/Programmentwurf_PingPong/Programmentwurf_PingPong.srcs/sources_1/new/score.vhd:50]
INFO: [Synth 8-256] done synthesizing module 'score' (0#1) [C:/Users/thea/Documents/Vivado Projekte/Programmentwurf_PingPong/Programmentwurf_PingPong.srcs/sources_1/new/score.vhd:50]
INFO: [Synth 8-3491] module 'countdown' declared at 'C:/Users/thea/Documents/Vivado Projekte/Programmentwurf_PingPong/Programmentwurf_PingPong.srcs/sources_1/new/countdown.vhd:25' bound to instance 'countdown_inst' of component 'countdown' [C:/Users/thea/Documents/Vivado Projekte/Programmentwurf_PingPong/Programmentwurf_PingPong.srcs/sources_1/new/renderer.vhd:179]
INFO: [Synth 8-638] synthesizing module 'countdown' [C:/Users/thea/Documents/Vivado Projekte/Programmentwurf_PingPong/Programmentwurf_PingPong.srcs/sources_1/new/countdown.vhd:38]
INFO: [Synth 8-256] done synthesizing module 'countdown' (0#1) [C:/Users/thea/Documents/Vivado Projekte/Programmentwurf_PingPong/Programmentwurf_PingPong.srcs/sources_1/new/countdown.vhd:38]
INFO: [Synth 8-256] done synthesizing module 'renderer' (0#1) [C:/Users/thea/Documents/Vivado Projekte/Programmentwurf_PingPong/Programmentwurf_PingPong.srcs/sources_1/new/renderer.vhd:66]
INFO: [Synth 8-256] done synthesizing module 'top' (0#1) [C:/Users/thea/Documents/Vivado Projekte/Programmentwurf_PingPong/Programmentwurf_PingPong.srcs/sources_1/new/top.vhd:40]
---------------------------------------------------------------------------------
Finished RTL Elaboration : Time (s): cpu = 00:00:19 ; elapsed = 00:00:20 . Memory (MB): peak = 1326.180 ; gain = 618.457
---------------------------------------------------------------------------------
---------------------------------------------------------------------------------
Start Handling Custom Attributes
---------------------------------------------------------------------------------
---------------------------------------------------------------------------------
Finished Handling Custom Attributes : Time (s): cpu = 00:00:19 ; elapsed = 00:00:21 . Memory (MB): peak = 1326.180 ; gain = 618.457
---------------------------------------------------------------------------------
---------------------------------------------------------------------------------
Finished RTL Optimization Phase 1 : Time (s): cpu = 00:00:19 ; elapsed = 00:00:21 . Memory (MB): peak = 1326.180 ; gain = 618.457
---------------------------------------------------------------------------------
Netlist sorting complete. Time (s): cpu = 00:00:00 ; elapsed = 00:00:00.071 . Memory (MB): peak = 1326.180 ; gain = 0.000
INFO: [Project 1-570] Preparing netlist for logic optimization

Processing XDC Constraints
Initializing timing engine
Parsing XDC File [c:/Users/thea/Documents/Vivado Projekte/Programmentwurf_PingPong/Programmentwurf_PingPong.gen/sources_1/ip/clk_wiz_0/clk_wiz_0/clk_wiz_0_in_context.xdc] for cell 'clk_inst'
Finished Parsing XDC File [c:/Users/thea/Documents/Vivado Projekte/Programmentwurf_PingPong/Programmentwurf_PingPong.gen/sources_1/ip/clk_wiz_0/clk_wiz_0/clk_wiz_0_in_context.xdc] for cell 'clk_inst'
Parsing XDC File [C:/Users/thea/Documents/Vivado Projekte/Programmentwurf_PingPong/Programmentwurf_PingPong.srcs/constrs_1/imports/constraints/Arty_Master.xdc]
Finished Parsing XDC File [C:/Users/thea/Documents/Vivado Projekte/Programmentwurf_PingPong/Programmentwurf_PingPong.srcs/constrs_1/imports/constraints/Arty_Master.xdc]
INFO: [Project 1-236] Implementation specific constraints were found while reading constraint file [C:/Users/thea/Documents/Vivado Projekte/Programmentwurf_PingPong/Programmentwurf_PingPong.srcs/constrs_1/imports/constraints/Arty_Master.xdc]. These constraints will be ignored for synthesis but will be used in implementation. Impacted constraints are listed in the file [.Xil/top_propImpl.xdc].
Resolution: To avoid this warning, move constraints listed in [.Xil/top_propImpl.xdc] to another XDC file and exclude this new file from synthesis with the used_in_synthesis property (File Properties dialog in GUI) and re-run elaboration/synthesis.
Completed Processing XDC Constraints

Netlist sorting complete. Time (s): cpu = 00:00:00 ; elapsed = 00:00:00.001 . Memory (MB): peak = 1400.770 ; gain = 0.000
INFO: [Project 1-111] Unisim Transformation Summary:
No Unisim elements were transformed.

Constraint Validation Runtime : Time (s): cpu = 00:00:00 ; elapsed = 00:00:00.016 . Memory (MB): peak = 1400.770 ; gain = 0.000
INFO: [Designutils 20-5440] No compile time benefit to using incremental synthesis; A full resynthesis will be run
INFO: [Designutils 20-4379] Flow is switching to default flow due to incremental criteria not met. If you would like to alter this behaviour and have the flow terminate instead, please set the following parameter config_implementation {autoIncr.Synth.RejectBehavior Terminate}
---------------------------------------------------------------------------------
Finished Constraint Validation : Time (s): cpu = 00:00:34 ; elapsed = 00:00:37 . Memory (MB): peak = 1400.770 ; gain = 693.047
---------------------------------------------------------------------------------
---------------------------------------------------------------------------------
Start Loading Part and Timing Information
---------------------------------------------------------------------------------
Loading part: xc7a35ticsg324-1L
---------------------------------------------------------------------------------
Finished Loading Part and Timing Information : Time (s): cpu = 00:00:34 ; elapsed = 00:00:37 . Memory (MB): peak = 1400.770 ; gain = 693.047
---------------------------------------------------------------------------------
---------------------------------------------------------------------------------
Start Applying 'set_property' XDC Constraints
---------------------------------------------------------------------------------
---------------------------------------------------------------------------------
Finished applying 'set_property' XDC Constraints : Time (s): cpu = 00:00:34 ; elapsed = 00:00:37 . Memory (MB): peak = 1400.770 ; gain = 693.047
---------------------------------------------------------------------------------
---------------------------------------------------------------------------------
Finished RTL Optimization Phase 2 : Time (s): cpu = 00:00:36 ; elapsed = 00:00:39 . Memory (MB): peak = 1400.770 ; gain = 693.047
---------------------------------------------------------------------------------
---------------------------------------------------------------------------------
Start RTL Component Statistics 
---------------------------------------------------------------------------------
Detailed RTL Component Info : 
+---Adders : 
	   3 Input   33 Bit       Adders := 4     
	   2 Input   32 Bit       Adders := 40    
	   2 Input   31 Bit       Adders := 17    
	   2 Input   22 Bit       Adders := 1     
	   2 Input   13 Bit       Adders := 18    
	   2 Input   12 Bit       Adders := 1     
	   2 Input   11 Bit       Adders := 4     
+---Registers : 
	               32 Bit    Registers := 7     
	               22 Bit    Registers := 1     
	               12 Bit    Registers := 1     
	                4 Bit    Registers := 3     
	                2 Bit    Registers := 2     
	                1 Bit    Registers := 8     
+---Muxes : 
	   2 Input   32 Bit        Muxes := 26    
	   2 Input   31 Bit        Muxes := 17    
	   2 Input   17 Bit        Muxes := 2     
	   2 Input   16 Bit        Muxes := 2     
	   5 Input   15 Bit        Muxes := 2     
	   2 Input   12 Bit        Muxes := 1     
	   5 Input   11 Bit        Muxes := 1     
	   2 Input    8 Bit        Muxes := 6     
	   8 Input    8 Bit        Muxes := 12    
	   4 Input    7 Bit        Muxes := 33    
	   2 Input    7 Bit        Muxes := 3     
	  10 Input    7 Bit        Muxes := 12    
	  13 Input    7 Bit        Muxes := 12    
	   4 Input    6 Bit        Muxes := 1     
	   2 Input    4 Bit        Muxes := 1     
	   5 Input    4 Bit        Muxes := 1     
	   3 Input    2 Bit        Muxes := 1     
	   4 Input    2 Bit        Muxes := 1     
	   2 Input    1 Bit        Muxes := 41    
	   4 Input    1 Bit        Muxes := 1     
	   5 Input    1 Bit        Muxes := 2     
---------------------------------------------------------------------------------
Finished RTL Component Statistics 
---------------------------------------------------------------------------------
---------------------------------------------------------------------------------
Start Part Resource Summary
---------------------------------------------------------------------------------
Part Resources:
DSPs: 90 (col length:60)
BRAMs: 100 (col length: RAMB18 60 RAMB36 30)
---------------------------------------------------------------------------------
Finished Part Resource Summary
---------------------------------------------------------------------------------
---------------------------------------------------------------------------------
Start Cross Boundary and Area Optimization
---------------------------------------------------------------------------------
WARNING: [Synth 8-7080] Parallel synthesis criteria is not met
---------------------------------------------------------------------------------
Finished Cross Boundary and Area Optimization : Time (s): cpu = 00:01:07 ; elapsed = 00:01:11 . Memory (MB): peak = 1536.418 ; gain = 828.695
---------------------------------------------------------------------------------
---------------------------------------------------------------------------------
Start Applying XDC Timing Constraints
---------------------------------------------------------------------------------
---------------------------------------------------------------------------------
Finished Applying XDC Timing Constraints : Time (s): cpu = 00:01:14 ; elapsed = 00:01:19 . Memory (MB): peak = 1541.316 ; gain = 833.594
---------------------------------------------------------------------------------
---------------------------------------------------------------------------------
Start Timing Optimization
---------------------------------------------------------------------------------
---------------------------------------------------------------------------------
Finished Timing Optimization : Time (s): cpu = 00:01:27 ; elapsed = 00:01:32 . Memory (MB): peak = 1684.801 ; gain = 977.078
---------------------------------------------------------------------------------
---------------------------------------------------------------------------------
Start Technology Mapping
---------------------------------------------------------------------------------
---------------------------------------------------------------------------------
Finished Technology Mapping : Time (s): cpu = 00:01:29 ; elapsed = 00:01:33 . Memory (MB): peak = 1702.895 ; gain = 995.172
---------------------------------------------------------------------------------
---------------------------------------------------------------------------------
Start IO Insertion
---------------------------------------------------------------------------------
---------------------------------------------------------------------------------
Start Flattening Before IO Insertion
---------------------------------------------------------------------------------
---------------------------------------------------------------------------------
Finished Flattening Before IO Insertion
---------------------------------------------------------------------------------
---------------------------------------------------------------------------------
Start Final Netlist Cleanup
---------------------------------------------------------------------------------
---------------------------------------------------------------------------------
Finished Final Netlist Cleanup
---------------------------------------------------------------------------------
---------------------------------------------------------------------------------
Finished IO Insertion : Time (s): cpu = 00:01:34 ; elapsed = 00:01:39 . Memory (MB): peak = 1858.492 ; gain = 1150.770
---------------------------------------------------------------------------------
---------------------------------------------------------------------------------
Start Renaming Generated Instances
---------------------------------------------------------------------------------
---------------------------------------------------------------------------------
Finished Renaming Generated Instances : Time (s): cpu = 00:01:34 ; elapsed = 00:01:39 . Memory (MB): peak = 1858.492 ; gain = 1150.770
---------------------------------------------------------------------------------
---------------------------------------------------------------------------------
Start Rebuilding User Hierarchy
---------------------------------------------------------------------------------
---------------------------------------------------------------------------------
Finished Rebuilding User Hierarchy : Time (s): cpu = 00:01:35 ; elapsed = 00:01:39 . Memory (MB): peak = 1858.492 ; gain = 1150.770
---------------------------------------------------------------------------------
---------------------------------------------------------------------------------
Start Renaming Generated Ports
---------------------------------------------------------------------------------
---------------------------------------------------------------------------------
Finished Renaming Generated Ports : Time (s): cpu = 00:01:35 ; elapsed = 00:01:39 . Memory (MB): peak = 1858.492 ; gain = 1150.770
---------------------------------------------------------------------------------
---------------------------------------------------------------------------------
Start Handling Custom Attributes
---------------------------------------------------------------------------------
---------------------------------------------------------------------------------
Finished Handling Custom Attributes : Time (s): cpu = 00:01:35 ; elapsed = 00:01:39 . Memory (MB): peak = 1858.492 ; gain = 1150.770
---------------------------------------------------------------------------------
---------------------------------------------------------------------------------
Start Renaming Generated Nets
---------------------------------------------------------------------------------
---------------------------------------------------------------------------------
Finished Renaming Generated Nets : Time (s): cpu = 00:01:35 ; elapsed = 00:01:39 . Memory (MB): peak = 1858.492 ; gain = 1150.770
---------------------------------------------------------------------------------
---------------------------------------------------------------------------------
Start Writing Synthesis Report
---------------------------------------------------------------------------------

Report BlackBoxes: 
+------+--------------+----------+
|      |BlackBox name |Instances |
+------+--------------+----------+
|1     |clk_wiz_0     |         1|
+------+--------------+----------+

Report Cell Usage: 
+------+---------------+------+
|      |Cell           |Count |
+------+---------------+------+
|1     |clk_wiz_0_bbox |     1|
|2     |CARRY4         |   535|
|3     |LUT1           |   510|
|4     |LUT2           |  1207|
|5     |LUT3           |   318|
|6     |LUT4           |   224|
|7     |LUT5           |    97|
|8     |LUT6           |   512|
|9     |MUXF7          |     8|
|10    |MUXF8          |     3|
|11    |FDRE           |   351|
|12    |FDSE           |    12|
|13    |IBUF           |     5|
|14    |OBUF           |    14|
+------+---------------+------+
---------------------------------------------------------------------------------
Finished Writing Synthesis Report : Time (s): cpu = 00:01:35 ; elapsed = 00:01:39 . Memory (MB): peak = 1858.492 ; gain = 1150.770
---------------------------------------------------------------------------------
Synthesis finished with 0 errors, 0 critical warnings and 1 warnings.
Synthesis Optimization Runtime : Time (s): cpu = 00:01:13 ; elapsed = 00:01:36 . Memory (MB): peak = 1858.492 ; gain = 1076.180
Synthesis Optimization Complete : Time (s): cpu = 00:01:35 ; elapsed = 00:01:40 . Memory (MB): peak = 1858.492 ; gain = 1150.770
INFO: [Project 1-571] Translating synthesized netlist
Netlist sorting complete. Time (s): cpu = 00:00:00 ; elapsed = 00:00:00.041 . Memory (MB): peak = 1867.688 ; gain = 0.000
INFO: [Netlist 29-17] Analyzing 546 Unisim elements for replacement
INFO: [Netlist 29-28] Unisim Transformation completed in 0 CPU seconds
INFO: [Project 1-570] Preparing netlist for logic optimization
INFO: [Opt 31-138] Pushed 0 inverter(s) to 0 load pin(s).
Netlist sorting complete. Time (s): cpu = 00:00:00 ; elapsed = 00:00:00.002 . Memory (MB): peak = 1871.355 ; gain = 0.000
INFO: [Project 1-111] Unisim Transformation Summary:
No Unisim elements were transformed.

Synth Design complete | Checksum: 4e8132ca
INFO: [Common 17-83] Releasing license: Synthesis
46 Infos, 1 Warnings, 0 Critical Warnings and 0 Errors encountered.
synth_design completed successfully
synth_design: Time (s): cpu = 00:01:43 ; elapsed = 00:01:55 . Memory (MB): peak = 1871.355 ; gain = 1351.504
Write ShapeDB Complete: Time (s): cpu = 00:00:00 ; elapsed = 00:00:00.020 . Memory (MB): peak = 1871.355 ; gain = 0.000
INFO: [Common 17-1381] The checkpoint 'C:/Users/thea/Documents/Vivado Projekte/Programmentwurf_PingPong/Programmentwurf_PingPong.runs/synth_1/top.dcp' has been generated.
INFO: [Vivado 12-24828] Executing command : report_utilization -file top_utilization_synth.rpt -pb top_utilization_synth.pb
INFO: [Common 17-206] Exiting Vivado at Sun Nov 30 17:01:26 2025...
